<?xml version="1.0" encoding="UTF-8"?>
<!-- Generated by org.testng.reporters.JUnitReportReporter -->
<testsuite hostname="PC-liangxuqing" name="com.xyuan.ngtest.ps.test.comp" tests="53" failures="0" timestamp="23 Oct 2017 09:04:00 GMT" time="9.179" errors="2">
  <testcase name="comp_run_infos" time="0.121" classname="com.xyuan.ngtest.ps.test.comp"/>
  <testcase name="comp_askcontext" time="0.545" classname="com.xyuan.ngtest.ps.test.comp"/>
  <testcase name="comp_fundinfo" time="0.107" classname="com.xyuan.ngtest.ps.test.comp"/>
  <testcase name="comp_search" time="0.236" classname="com.xyuan.ngtest.ps.test.comp"/>
  <testcase name="comp_run_investabroad" time="0.219" classname="com.xyuan.ngtest.ps.test.comp"/>
  <testcase name="lawcourtnoticelist" time="0.107" classname="com.xyuan.ngtest.ps.test.comp"/>
  <testcase name="comp_assoinfo" time="0.144" classname="com.xyuan.ngtest.ps.test.comp"/>
  <testcase name="comp_run_infos" time="0.136" classname="com.xyuan.ngtest.ps.test.comp"/>
  <testcase name="comp_search" time="0.778" classname="com.xyuan.ngtest.ps.test.comp"/>
  <testcase name="all_search" time="0.186" classname="com.xyuan.ngtest.ps.test.comp"/>
  <testcase name="comp_buss_changehis" time="0.299" classname="com.xyuan.ngtest.ps.test.comp"/>
  <testcase name="comp_search" time="0.161" classname="com.xyuan.ngtest.ps.test.comp"/>
  <testcase name="all_search" time="0.196" classname="com.xyuan.ngtest.ps.test.comp"/>
  <testcase name="repadministrativesanctiondetail" time="0.101" classname="com.xyuan.ngtest.ps.test.comp">
    <error type="java.lang.AssertionError" message="
Expected: a string containing &quot;{\&quot;sta\&quot;:1,\&quot;data\&quot;:[{\&quot;compFullName\&quot;:\&quot;上海元优资产管理中心（有限合伙）\&quot;&quot;
     but: was &quot;{&quot;sta&quot;:1,&quot;data&quot;:{},&quot;msg&quot;:&quot;暂无相关数据&quot;}&quot;">
      <![CDATA[java.lang.AssertionError: 
Expected: a string containing "{\"sta\":1,\"data\":[{\"compFullName\":\"上海元优资产管理中心（有限合伙）\""
     but: was "{"sta":1,"data":{},"msg":"暂无相关数据"}"
	at org.hamcrest.MatcherAssert.assertThat(MatcherAssert.java:20)
	at org.hamcrest.MatcherAssert.assertThat(MatcherAssert.java:8)
	at com.xyuan.ngtest.MyAssert.MyAssert.asserting(MyAssert.java:12)
	at com.xyuan.ngtest.ps.test.comp.TestAndAssert(comp.java:35)
	at com.xyuan.ngtest.ps.test.comp.repadministrativesanctiondetail(comp.java:83)
	at sun.reflect.NativeMethodAccessorImpl.invoke0(Native Method)
	at sun.reflect.NativeMethodAccessorImpl.invoke(NativeMethodAccessorImpl.java:62)
	at sun.reflect.DelegatingMethodAccessorImpl.invoke(DelegatingMethodAccessorImpl.java:43)
	at java.lang.reflect.Method.invoke(Method.java:498)
	at org.testng.internal.MethodInvocationHelper.invokeMethod(MethodInvocationHelper.java:84)
	at org.testng.internal.Invoker.invokeMethod(Invoker.java:714)
	at org.testng.internal.Invoker.invokeTestMethod(Invoker.java:901)
	at org.testng.internal.Invoker.invokeTestMethods(Invoker.java:1231)
	at org.testng.internal.TestMethodWorker.invokeTestMethods(TestMethodWorker.java:127)
	at org.testng.internal.TestMethodWorker.run(TestMethodWorker.java:111)
	at org.testng.TestRunner.privateRun(TestRunner.java:767)
	at org.testng.TestRunner.run(TestRunner.java:617)
	at org.testng.SuiteRunner.runTest(SuiteRunner.java:335)
	at org.testng.SuiteRunner.access$000(SuiteRunner.java:37)
	at org.testng.SuiteRunner$SuiteWorker.run(SuiteRunner.java:369)
	at org.testng.internal.thread.ThreadUtil$2.call(ThreadUtil.java:64)
	at java.util.concurrent.FutureTask.run(FutureTask.java:266)
	at java.util.concurrent.ThreadPoolExecutor.runWorker(ThreadPoolExecutor.java:1142)
	at java.util.concurrent.ThreadPoolExecutor$Worker.run(ThreadPoolExecutor.java:617)
	at java.lang.Thread.run(Thread.java:745)
]]>
    </error>
  </testcase> <!-- repadministrativesanctiondetail -->
  <testcase name="comp_newsinfo" time="0.147" classname="com.xyuan.ngtest.ps.test.comp"/>
  <testcase name="comp_search" time="0.264" classname="com.xyuan.ngtest.ps.test.comp"/>
  <testcase name="comp_yearreport_baseinfo" time="0.208" classname="com.xyuan.ngtest.ps.test.comp"/>
  <testcase name="comp_yearreport_sponsor" time="0.356" classname="com.xyuan.ngtest.ps.test.comp"/>
  <testcase name="comp_tree" time="0.126" classname="com.xyuan.ngtest.ps.test.comp"/>
  <testcase name="lawexecdetail" time="0.097" classname="com.xyuan.ngtest.ps.test.comp"/>
  <testcase name="abnormaloperate" time="0.204" classname="com.xyuan.ngtest.ps.test.comp"/>
  <testcase name="compassociationinfolllist" time="0.110" classname="com.xyuan.ngtest.ps.test.comp"/>
  <testcase name="comp_run_intinfos" time="0.140" classname="com.xyuan.ngtest.ps.test.comp"/>
  <testcase name="comp_run_intinfos" time="0.146" classname="com.xyuan.ngtest.ps.test.comp"/>
  <testcase name="comp_run_infos" time="0.132" classname="com.xyuan.ngtest.ps.test.comp"/>
  <testcase name="lawexecutedlist" time="0.107" classname="com.xyuan.ngtest.ps.test.comp"/>
  <testcase name="comp_corepeople" time="0.115" classname="com.xyuan.ngtest.ps.test.comp"/>
  <testcase name="comp_run_intinfos" time="0.135" classname="com.xyuan.ngtest.ps.test.comp"/>
  <testcase name="manadministrativesanctiondetail" time="0.110" classname="com.xyuan.ngtest.ps.test.comp"/>
  <testcase name="comp_buss_bsinfo" time="0.106" classname="com.xyuan.ngtest.ps.test.comp"/>
  <testcase name="lawexecutedlist" time="0.104" classname="com.xyuan.ngtest.ps.test.comp"/>
  <testcase name="comp_buss_shareholderinfo" time="0.108" classname="com.xyuan.ngtest.ps.test.comp"/>
  <testcase name="dimenum" time="0.111" classname="com.xyuan.ngtest.ps.test.comp"/>
  <testcase name="comp_askcontextdetail" time="0.130" classname="com.xyuan.ngtest.ps.test.comp"/>
  <testcase name="comp_run_intinfos" time="0.129" classname="com.xyuan.ngtest.ps.test.comp"/>
  <testcase name="comp_search" time="0.385" classname="com.xyuan.ngtest.ps.test.comp"/>
  <testcase name="comp_search" time="0.215" classname="com.xyuan.ngtest.ps.test.comp"/>
  <testcase name="comp_run_infos" time="0.126" classname="com.xyuan.ngtest.ps.test.comp"/>
  <testcase name="comp_run_recruitinfodetail" time="0.104" classname="com.xyuan.ngtest.ps.test.comp"/>
  <testcase name="repadministrativesanctionlist" time="0.146" classname="com.xyuan.ngtest.ps.test.comp"/>
  <testcase name="comp_run_taxinfo" time="0.109" classname="com.xyuan.ngtest.ps.test.comp"/>
  <testcase name="comp_prizeinfo" time="0.114" classname="com.xyuan.ngtest.ps.test.comp"/>
  <testcase name="comp_descinfo" time="0.103" classname="com.xyuan.ngtest.ps.test.comp"/>
  <testcase name="lawholdcourtinfolist" time="0.112" classname="com.xyuan.ngtest.ps.test.comp"/>
  <testcase name="comp_yearreport_stockchanges" time="0.093" classname="com.xyuan.ngtest.ps.test.comp"/>
  <testcase name="comp_baseinfo" time="0.096" classname="com.xyuan.ngtest.ps.test.comp"/>
  <testcase name="comp_yearreport_investinfo" time="0.195" classname="com.xyuan.ngtest.ps.test.comp"/>
  <testcase name="lawholdcourtinfodetail" time="0.099" classname="com.xyuan.ngtest.ps.test.comp">
    <error type="java.lang.AssertionError" message="
Expected: a string containing &quot;{\&quot;sta\&quot;:1,\&quot;data\&quot;:[],\&quot;msg\&quot;:\&quot;暂无相关数据\&quot;}&quot;
     but: was &quot;{&quot;sta&quot;:1,&quot;data&quot;:{},&quot;msg&quot;:&quot;暂无相关数据&quot;}&quot;">
      <![CDATA[java.lang.AssertionError: 
Expected: a string containing "{\"sta\":1,\"data\":[],\"msg\":\"暂无相关数据\"}"
     but: was "{"sta":1,"data":{},"msg":"暂无相关数据"}"
	at org.hamcrest.MatcherAssert.assertThat(MatcherAssert.java:20)
	at org.hamcrest.MatcherAssert.assertThat(MatcherAssert.java:8)
	at com.xyuan.ngtest.MyAssert.MyAssert.asserting(MyAssert.java:12)
	at com.xyuan.ngtest.ps.test.comp.TestAndAssert(comp.java:35)
	at com.xyuan.ngtest.ps.test.comp.lawholdcourtinfodetail(comp.java:59)
	at sun.reflect.NativeMethodAccessorImpl.invoke0(Native Method)
	at sun.reflect.NativeMethodAccessorImpl.invoke(NativeMethodAccessorImpl.java:62)
	at sun.reflect.DelegatingMethodAccessorImpl.invoke(DelegatingMethodAccessorImpl.java:43)
	at java.lang.reflect.Method.invoke(Method.java:498)
	at org.testng.internal.MethodInvocationHelper.invokeMethod(MethodInvocationHelper.java:84)
	at org.testng.internal.Invoker.invokeMethod(Invoker.java:714)
	at org.testng.internal.Invoker.invokeTestMethod(Invoker.java:901)
	at org.testng.internal.Invoker.invokeTestMethods(Invoker.java:1231)
	at org.testng.internal.TestMethodWorker.invokeTestMethods(TestMethodWorker.java:127)
	at org.testng.internal.TestMethodWorker.run(TestMethodWorker.java:111)
	at org.testng.TestRunner.privateRun(TestRunner.java:767)
	at org.testng.TestRunner.run(TestRunner.java:617)
	at org.testng.SuiteRunner.runTest(SuiteRunner.java:335)
	at org.testng.SuiteRunner.access$000(SuiteRunner.java:37)
	at org.testng.SuiteRunner$SuiteWorker.run(SuiteRunner.java:369)
	at org.testng.internal.thread.ThreadUtil$2.call(ThreadUtil.java:64)
	at java.util.concurrent.FutureTask.run(FutureTask.java:266)
	at java.util.concurrent.ThreadPoolExecutor.runWorker(ThreadPoolExecutor.java:1142)
	at java.util.concurrent.ThreadPoolExecutor$Worker.run(ThreadPoolExecutor.java:617)
	at java.lang.Thread.run(Thread.java:745)
]]>
    </error>
  </testcase> <!-- lawholdcourtinfodetail -->
  <testcase name="manadministrativesanctionlist" time="0.176" classname="com.xyuan.ngtest.ps.test.comp"/>
  <testcase name="adminsanction" time="0.125" classname="com.xyuan.ngtest.ps.test.comp"/>
  <testcase name="comp_run_recruitinfo" time="0.276" classname="com.xyuan.ngtest.ps.test.comp"/>
  <testcase name="comp_yearreport_years" time="0.163" classname="com.xyuan.ngtest.ps.test.comp"/>
  <testcase name="comp_run_intinfos" time="0.121" classname="com.xyuan.ngtest.ps.test.comp"/>
</testsuite> <!-- com.xyuan.ngtest.ps.test.comp -->
