<?xml version="1.0" encoding="UTF-8"?>
<!-- Generated by org.testng.reporters.JUnitReportReporter -->
<testsuite hostname="PC-liangxuqing" name="com.xyuan.ngtest.ps.comp.comp" tests="1" failures="0" timestamp="11 Oct 2017 09:01:13 GMT" time="0.202" errors="1">
  <testcase name="manadministrativesanctiondetail" time="0.202" classname="com.xyuan.ngtest.ps.comp.comp">
    <error type="java.lang.AssertionError" message="
Expected: a string containing &quot;{\&quot;sta\&quot;:1,\&quot;data\&quot;:{\&quot;id\&quot;:1,\&quot;createTime\&quot;:\&quot;2017-09-30 17:15:59.0\&quot;,\&quot;decisionTime\&quot;:\&quot;1\&quot;,\&quot;manId\&quot;:1,\&quot;website\&quot;:\&quot;中国证监协会\&quot;,\&quot;name\&quot;:\&quot;1\&quot;,\&quot;docNumber\&quot;:\&quot;1\&quot;,\&quot;decisionOrgan\&quot;:\&quot;1\&quot;,\&quot;type\&quot;:\&quot;1\&quot;,\&quot;isValid\&quot;:1},\&quot;msg\&quot;:\&quot;ok\&quot;}&quot;
     but: was &quot;{&quot;sta&quot;:1,&quot;data&quot;:{&quot;createTime&quot;:&quot;2017-09-30 17:15:59.0&quot;,&quot;detailUrl&quot;:&quot;www.bddd.com&quot;,&quot;keywords&quot;:&quot;9&quot;,&quot;manId&quot;:1,&quot;website&quot;:&quot;中国证监协会&quot;,&quot;detailHtml&quot;:&quot;22222222222&quot;,&quot;type&quot;:&quot;4&quot;,&quot;decisionOrgan&quot;:&quot;5&quot;,&quot;docNumber&quot;:&quot;3&quot;,&quot;id&quot;:1,&quot;title&quot;:&quot;8&quot;,&quot;decisionTime&quot;:&quot;6&quot;,&quot;indexNo&quot;:&quot;7&quot;,&quot;name&quot;:&quot;2&quot;,&quot;detailText&quot;:&quot;112312312&quot;,&quot;isValid&quot;:1},&quot;msg&quot;:&quot;ok&quot;}&quot;">
      <![CDATA[java.lang.AssertionError: 
Expected: a string containing "{\"sta\":1,\"data\":{\"id\":1,\"createTime\":\"2017-09-30 17:15:59.0\",\"decisionTime\":\"1\",\"manId\":1,\"website\":\"中国证监协会\",\"name\":\"1\",\"docNumber\":\"1\",\"decisionOrgan\":\"1\",\"type\":\"1\",\"isValid\":1},\"msg\":\"ok\"}"
     but: was "{"sta":1,"data":{"createTime":"2017-09-30 17:15:59.0","detailUrl":"www.bddd.com","keywords":"9","manId":1,"website":"中国证监协会","detailHtml":"22222222222","type":"4","decisionOrgan":"5","docNumber":"3","id":1,"title":"8","decisionTime":"6","indexNo":"7","name":"2","detailText":"112312312","isValid":1},"msg":"ok"}"
	at org.hamcrest.MatcherAssert.assertThat(MatcherAssert.java:20)
	at org.hamcrest.MatcherAssert.assertThat(MatcherAssert.java:8)
	at com.xyuan.ngtest.MyAssert.MyAssert.asserting(MyAssert.java:12)
	at com.xyuan.ngtest.ps.comp.comp.TestAndAssert(comp.java:39)
	at com.xyuan.ngtest.ps.comp.comp.manadministrativesanctiondetail(comp.java:75)
	at sun.reflect.NativeMethodAccessorImpl.invoke0(Native Method)
	at sun.reflect.NativeMethodAccessorImpl.invoke(NativeMethodAccessorImpl.java:62)
	at sun.reflect.DelegatingMethodAccessorImpl.invoke(DelegatingMethodAccessorImpl.java:43)
	at java.lang.reflect.Method.invoke(Method.java:498)
	at org.testng.internal.MethodInvocationHelper.invokeMethod(MethodInvocationHelper.java:84)
	at org.testng.internal.Invoker.invokeMethod(Invoker.java:714)
	at org.testng.internal.Invoker.invokeTestMethod(Invoker.java:901)
	at org.testng.internal.Invoker.invokeTestMethods(Invoker.java:1231)
	at org.testng.internal.TestMethodWorker.invokeTestMethods(TestMethodWorker.java:127)
	at org.testng.internal.TestMethodWorker.run(TestMethodWorker.java:111)
	at org.testng.TestRunner.privateRun(TestRunner.java:767)
	at org.testng.TestRunner.run(TestRunner.java:617)
	at org.testng.SuiteRunner.runTest(SuiteRunner.java:335)
	at org.testng.SuiteRunner.access$000(SuiteRunner.java:37)
	at org.testng.SuiteRunner$SuiteWorker.run(SuiteRunner.java:369)
	at org.testng.internal.thread.ThreadUtil$2.call(ThreadUtil.java:64)
	at java.util.concurrent.FutureTask.run(FutureTask.java:266)
	at java.util.concurrent.ThreadPoolExecutor.runWorker(ThreadPoolExecutor.java:1142)
	at java.util.concurrent.ThreadPoolExecutor$Worker.run(ThreadPoolExecutor.java:617)
	at java.lang.Thread.run(Thread.java:745)
]]>
    </error>
  </testcase> <!-- manadministrativesanctiondetail -->
</testsuite> <!-- com.xyuan.ngtest.ps.comp.comp -->
