<?xml version="1.0" encoding="UTF-8"?>
<!-- Generated by org.testng.reporters.JUnitXMLReporter -->
<testsuite hostname="PC-liangxuqing" name="test" tests="2" failures="1" timestamp="10 Oct 2017 07:12:59 GMT" time="1.488" errors="0">
  <testcase name="login" time="0.245" classname="com.xyuan.ngtest.ps.comp.login"/>
  <testcase name="test" time="0.143" classname="com.xyuan.ngtest.ps.comp.adminsanction">
    <failure type="java.lang.AssertionError" message="
Expected: a string containing &amp;quot;\&amp;quot;trackValueId\&amp;quot;:130728&amp;quot;
     but: was &amp;quot;{&amp;quot;sta&amp;quot;:1,&amp;quot;data&amp;quot;:{&amp;quot;result&amp;quot;:[{&amp;quot;decisionTime&amp;quot;:&amp;quot;2017-10-09 17:36:24&amp;quot;,&amp;quot;decisionOrgan&amp;quot;:&amp;quot;就是这样&amp;quot;,&amp;quot;docNumber&amp;quot;:&amp;quot;1&amp;quot;,&amp;quot;type&amp;quot;:&amp;quot;11&amp;quot;,&amp;quot;punishContent&amp;quot;:&amp;quot;有履行能力而拒不履行生效法律文书确定义务&amp;quot;}],&amp;quot;totalCount&amp;quot;:1,&amp;quot;pageNo&amp;quot;:1,&amp;quot;pageSize&amp;quot;:20,&amp;quot;totalPage&amp;quot;:1},&amp;quot;msg&amp;quot;:&amp;quot;ok&amp;quot;}&amp;quot;">
      <![CDATA[java.lang.AssertionError: 
Expected: a string containing "\"trackValueId\":130728"
     but: was "{"sta":1,"data":{"result":[{"decisionTime":"2017-10-09 17:36:24","decisionOrgan":"就是这样","docNumber":"1","type":"11","punishContent":"有履行能力而拒不履行生效法律文书确定义务"}],"totalCount":1,"pageNo":1,"pageSize":20,"totalPage":1},"msg":"ok"}"
	at org.hamcrest.MatcherAssert.assertThat(MatcherAssert.java:20)
	at org.hamcrest.MatcherAssert.assertThat(MatcherAssert.java:8)
	at com.xyuan.ngtest.MyAssert.MyAssert.asserting(MyAssert.java:12)
	at com.xyuan.ngtest.ps.comp.adminsanction.test(adminsanction.java:33)
	at java.util.concurrent.FutureTask.run(FutureTask.java:266)
	at java.util.concurrent.ThreadPoolExecutor.runWorker(ThreadPoolExecutor.java:1142)
	at java.util.concurrent.ThreadPoolExecutor$Worker.run(ThreadPoolExecutor.java:617)
	at java.lang.Thread.run(Thread.java:745)
... Removed 16 stack frames]]>
    </failure>
  </testcase> <!-- test -->
</testsuite> <!-- test -->
